The system is: CYGWIN - 3.1.7(0.340/5/3) - x86_64
Compiling the C compiler identification source file "CMakeCCompilerId.c" succeeded.
Compiler: C:/cygwin64/bin/x86_64-w64-mingw32-gcc.exe 
Build flags: 
Id flags:  

The output was:
0


Compilation of the C compiler identification source "CMakeCCompilerId.c" produced "a.exe"

The C compiler identification is GNU, found in "f:/LEONLAH/NTHU/109-semA/IntroToProgramming/finalproject_clean/project/build/CMakeFiles/3.17.3/CompilerIdC/a.exe"

Compiling the CXX compiler identification source file "CMakeCXXCompilerId.cpp" succeeded.
Compiler: C:/cygwin64/bin/x86_64-w64-mingw32-g++.exe 
Build flags: 
Id flags:  

The output was:
0


Compilation of the CXX compiler identification source "CMakeCXXCompilerId.cpp" produced "a.exe"

The CXX compiler identification is GNU, found in "f:/LEONLAH/NTHU/109-semA/IntroToProgramming/finalproject_clean/project/build/CMakeFiles/3.17.3/CompilerIdCXX/a.exe"

Determining if the C compiler works passed with the following output:
Change Dir: f:/LEONLAH/NTHU/109-semA/IntroToProgramming/finalproject_clean/project/build/CMakeFiles/CMakeTmp

Run Build Command(s):/usr/bin/make.exe cmTC_7f4c7/fast && /usr/bin/make  -f CMakeFiles/cmTC_7f4c7.dir/build.make CMakeFiles/cmTC_7f4c7.dir/build
make[1]: Entering directory '/cygdrive/f/LEONLAH/NTHU/109-semA/IntroToProgramming/finalproject_clean/project/build/CMakeFiles/CMakeTmp'
Building C object CMakeFiles/cmTC_7f4c7.dir/testCCompiler.c.o
C:/cygwin64/bin/x86_64-w64-mingw32-gcc.exe    -o CMakeFiles/cmTC_7f4c7.dir/testCCompiler.c.o   -c f:/LEONLAH/NTHU/109-semA/IntroToProgramming/finalproject_clean/project/build/CMakeFiles/CMakeTmp/testCCompiler.c
Linking C executable cmTC_7f4c7.exe
/usr/bin/cmake.exe -E cmake_link_script CMakeFiles/cmTC_7f4c7.dir/link.txt --verbose=1
C:/cygwin64/bin/x86_64-w64-mingw32-gcc.exe    -Wl,--enable-auto-import  CMakeFiles/cmTC_7f4c7.dir/testCCompiler.c.o  -o cmTC_7f4c7.exe -Wl,--out-implib,libcmTC_7f4c7.dll.a -Wl,--major-image-version,0,--minor-image-version,0 
make[1]: Leaving directory '/cygdrive/f/LEONLAH/NTHU/109-semA/IntroToProgramming/finalproject_clean/project/build/CMakeFiles/CMakeTmp'



Detecting C compiler ABI info compiled with the following output:
Change Dir: f:/LEONLAH/NTHU/109-semA/IntroToProgramming/finalproject_clean/project/build/CMakeFiles/CMakeTmp

Run Build Command(s):/usr/bin/make.exe cmTC_2eec9/fast && /usr/bin/make  -f CMakeFiles/cmTC_2eec9.dir/build.make CMakeFiles/cmTC_2eec9.dir/build
make[1]: Entering directory '/cygdrive/f/LEONLAH/NTHU/109-semA/IntroToProgramming/finalproject_clean/project/build/CMakeFiles/CMakeTmp'
Building C object CMakeFiles/cmTC_2eec9.dir/CMakeCCompilerABI.c.o
C:/cygwin64/bin/x86_64-w64-mingw32-gcc.exe   -v -o CMakeFiles/cmTC_2eec9.dir/CMakeCCompilerABI.c.o   -c /usr/share/cmake-3.17.3/Modules/CMakeCCompilerABI.c
Using built-in specs.
COLLECT_GCC=C:/cygwin64/bin/x86_64-w64-mingw32-gcc
Target: x86_64-w64-mingw32
Configured with: /cygdrive/i/szsz/tmpp/cygwin64/mingw64-x86_64/mingw64-x86_64-gcc-9.2.0-2.x86_64/src/gcc-9.2.0/configure --srcdir=/cygdrive/i/szsz/tmpp/cygwin64/mingw64-x86_64/mingw64-x86_64-gcc-9.2.0-2.x86_64/src/gcc-9.2.0 --prefix=/usr --exec-prefix=/usr --localstatedir=/var --sysconfdir=/etc --docdir=/usr/share/doc/mingw64-x86_64-gcc --htmldir=/usr/share/doc/mingw64-x86_64-gcc/html -C --build=x86_64-pc-cygwin --host=x86_64-pc-cygwin --target=x86_64-w64-mingw32 --without-libiconv-prefix --without-libintl-prefix --with-sysroot=/usr/x86_64-w64-mingw32/sys-root --with-build-sysroot=/usr/x86_64-w64-mingw32/sys-root --disable-multilib --disable-win32-registry --enable-languages=c,c++,fortran,lto,objc,obj-c++ --enable-fully-dynamic-string --enable-graphite --enable-libgomp --enable-libquadmath --enable-libquadmath-support --enable-libssp --enable-version-specific-runtime-libs --enable-libgomp --enable-libada --with-dwarf2 --with-gnu-ld --with-gnu-as --with-tune=generic --with-cloog-include=/usr/include/cloog-isl --with-system-zlib --enable-threads=posix --libexecdir=/usr/lib
Thread model: posix
gcc version 9.2.0 (GCC) 
COLLECT_GCC_OPTIONS='-v' '-o' 'CMakeFiles/cmTC_2eec9.dir/CMakeCCompilerABI.c.o' '-c' '-mtune=generic' '-march=x86-64'
 /usr/lib/gcc/x86_64-w64-mingw32/9.2.0/cc1.exe -quiet -v -D_REENTRANT /usr/share/cmake-3.17.3/Modules/CMakeCCompilerABI.c -quiet -dumpbase CMakeCCompilerABI.c -mtune=generic -march=x86-64 -auxbase-strip CMakeFiles/cmTC_2eec9.dir/CMakeCCompilerABI.c.o -version -o /cygdrive/c/Users/Leon/AppData/Local/Temp/ccYBH9Wq.s
GNU C17 (GCC) version 9.2.0 (x86_64-w64-mingw32)
	compiled by GNU C version 9.2.0, GMP version 6.2.0, MPFR version 4.0.2, MPC version 1.1.0, isl version isl-0.22.1-GMP

warning: MPFR header version 4.0.2 differs from library version 4.1.0.
warning: MPC header version 1.1.0 differs from library version 1.2.0.
GGC heuristics: --param ggc-min-expand=100 --param ggc-min-heapsize=131072
ignoring nonexistent directory "/usr/x86_64-w64-mingw32/sys-root/usr/local/include"
ignoring nonexistent directory "/usr/lib/gcc/x86_64-w64-mingw32/9.2.0/../../../../x86_64-w64-mingw32/include"
#include "..." search starts here:
#include <...> search starts here:
 /usr/lib/gcc/x86_64-w64-mingw32/9.2.0/include
 /usr/lib/gcc/x86_64-w64-mingw32/9.2.0/include-fixed
 /usr/x86_64-w64-mingw32/sys-root/mingw/include
End of search list.
GNU C17 (GCC) version 9.2.0 (x86_64-w64-mingw32)
	compiled by GNU C version 9.2.0, GMP version 6.2.0, MPFR version 4.0.2, MPC version 1.1.0, isl version isl-0.22.1-GMP

warning: MPFR header version 4.0.2 differs from library version 4.1.0.
warning: MPC header version 1.1.0 differs from library version 1.2.0.
GGC heuristics: --param ggc-min-expand=100 --param ggc-min-heapsize=131072
Compiler executable checksum: caa400db9e53bf33204adfdf1abbe556
COLLECT_GCC_OPTIONS='-v' '-o' 'CMakeFiles/cmTC_2eec9.dir/CMakeCCompilerABI.c.o' '-c' '-mtune=generic' '-march=x86-64'
 /usr/lib/gcc/x86_64-w64-mingw32/9.2.0/../../../../x86_64-w64-mingw32/bin/as.exe -v -o CMakeFiles/cmTC_2eec9.dir/CMakeCCompilerABI.c.o /cygdrive/c/Users/Leon/AppData/Local/Temp/ccYBH9Wq.s
GNU assembler version 2.34.50 (x86_64-w64-mingw32) using BFD version (GNU Binutils) 2.34.50.20200227
COMPILER_PATH=/usr/lib/gcc/x86_64-w64-mingw32/9.2.0/:/usr/lib/gcc/x86_64-w64-mingw32/9.2.0/:/usr/lib/gcc/x86_64-w64-mingw32/:/usr/lib/gcc/x86_64-w64-mingw32/9.2.0/:/usr/lib/gcc/x86_64-w64-mingw32/:/usr/lib/gcc/x86_64-w64-mingw32/9.2.0/../../../../x86_64-w64-mingw32/bin/
LIBRARY_PATH=/usr/lib/gcc/x86_64-w64-mingw32/9.2.0/:/usr/lib/gcc/x86_64-w64-mingw32/9.2.0/../../../../x86_64-w64-mingw32/lib/../lib/:/usr/x86_64-w64-mingw32/sys-root/mingw/lib/../lib/:/usr/lib/gcc/x86_64-w64-mingw32/9.2.0/../../../../x86_64-w64-mingw32/lib/:/usr/x86_64-w64-mingw32/sys-root/mingw/lib/
COLLECT_GCC_OPTIONS='-v' '-o' 'CMakeFiles/cmTC_2eec9.dir/CMakeCCompilerABI.c.o' '-c' '-mtune=generic' '-march=x86-64'
Linking C executable cmTC_2eec9.exe
/usr/bin/cmake.exe -E cmake_link_script CMakeFiles/cmTC_2eec9.dir/link.txt --verbose=1
C:/cygwin64/bin/x86_64-w64-mingw32-gcc.exe    -Wl,--enable-auto-import -v CMakeFiles/cmTC_2eec9.dir/CMakeCCompilerABI.c.o  -o cmTC_2eec9.exe -Wl,--out-implib,libcmTC_2eec9.dll.a -Wl,--major-image-version,0,--minor-image-version,0 
Using built-in specs.
COLLECT_GCC=C:/cygwin64/bin/x86_64-w64-mingw32-gcc
COLLECT_LTO_WRAPPER=/usr/lib/gcc/x86_64-w64-mingw32/9.2.0/lto-wrapper.exe
Target: x86_64-w64-mingw32
Configured with: /cygdrive/i/szsz/tmpp/cygwin64/mingw64-x86_64/mingw64-x86_64-gcc-9.2.0-2.x86_64/src/gcc-9.2.0/configure --srcdir=/cygdrive/i/szsz/tmpp/cygwin64/mingw64-x86_64/mingw64-x86_64-gcc-9.2.0-2.x86_64/src/gcc-9.2.0 --prefix=/usr --exec-prefix=/usr --localstatedir=/var --sysconfdir=/etc --docdir=/usr/share/doc/mingw64-x86_64-gcc --htmldir=/usr/share/doc/mingw64-x86_64-gcc/html -C --build=x86_64-pc-cygwin --host=x86_64-pc-cygwin --target=x86_64-w64-mingw32 --without-libiconv-prefix --without-libintl-prefix --with-sysroot=/usr/x86_64-w64-mingw32/sys-root --with-build-sysroot=/usr/x86_64-w64-mingw32/sys-root --disable-multilib --disable-win32-registry --enable-languages=c,c++,fortran,lto,objc,obj-c++ --enable-fully-dynamic-string --enable-graphite --enable-libgomp --enable-libquadmath --enable-libquadmath-support --enable-libssp --enable-version-specific-runtime-libs --enable-libgomp --enable-libada --with-dwarf2 --with-gnu-ld --with-gnu-as --with-tune=generic --with-cloog-include=/usr/include/cloog-isl --with-system-zlib --enable-threads=posix --libexecdir=/usr/lib
Thread model: posix
gcc version 9.2.0 (GCC) 
COMPILER_PATH=/usr/lib/gcc/x86_64-w64-mingw32/9.2.0/:/usr/lib/gcc/x86_64-w64-mingw32/9.2.0/:/usr/lib/gcc/x86_64-w64-mingw32/:/usr/lib/gcc/x86_64-w64-mingw32/9.2.0/:/usr/lib/gcc/x86_64-w64-mingw32/:/usr/lib/gcc/x86_64-w64-mingw32/9.2.0/../../../../x86_64-w64-mingw32/bin/
LIBRARY_PATH=/usr/lib/gcc/x86_64-w64-mingw32/9.2.0/:/usr/lib/gcc/x86_64-w64-mingw32/9.2.0/../../../../x86_64-w64-mingw32/lib/../lib/:/usr/x86_64-w64-mingw32/sys-root/mingw/lib/../lib/:/usr/lib/gcc/x86_64-w64-mingw32/9.2.0/../../../../x86_64-w64-mingw32/lib/:/usr/x86_64-w64-mingw32/sys-root/mingw/lib/
COLLECT_GCC_OPTIONS='-v' '-o' 'cmTC_2eec9.exe' '-mtune=generic' '-march=x86-64'
 /usr/lib/gcc/x86_64-w64-mingw32/9.2.0/collect2.exe -plugin /usr/lib/gcc/x86_64-w64-mingw32/9.2.0/cyglto_plugin-0.dll -plugin-opt=/usr/lib/gcc/x86_64-w64-mingw32/9.2.0/lto-wrapper.exe -plugin-opt=-fresolution=/cygdrive/c/Users/Leon/AppData/Local/Temp/cct2qDqX.res -plugin-opt=-pass-through=-lmingw32 -plugin-opt=-pass-through=-lgcc -plugin-opt=-pass-through=-lgcc_eh -plugin-opt=-pass-through=-lmoldname -plugin-opt=-pass-through=-lmingwex -plugin-opt=-pass-through=-lmsvcrt -plugin-opt=-pass-through=-lpthread -plugin-opt=-pass-through=-ladvapi32 -plugin-opt=-pass-through=-lshell32 -plugin-opt=-pass-through=-luser32 -plugin-opt=-pass-through=-lkernel32 -plugin-opt=-pass-through=-lmingw32 -plugin-opt=-pass-through=-lgcc -plugin-opt=-pass-through=-lgcc_eh -plugin-opt=-pass-through=-lmoldname -plugin-opt=-pass-through=-lmingwex -plugin-opt=-pass-through=-lmsvcrt --sysroot=/usr/x86_64-w64-mingw32/sys-root -m i386pep -Bdynamic -o cmTC_2eec9.exe /usr/x86_64-w64-mingw32/sys-root/mingw/lib/../lib/crt2.o /usr/lib/gcc/x86_64-w64-mingw32/9.2.0/crtbegin.o -L/usr/lib/gcc/x86_64-w64-mingw32/9.2.0 -L/usr/lib/gcc/x86_64-w64-mingw32/9.2.0/../../../../x86_64-w64-mingw32/lib/../lib -L/usr/x86_64-w64-mingw32/sys-root/mingw/lib/../lib -L/usr/lib/gcc/x86_64-w64-mingw32/9.2.0/../../../../x86_64-w64-mingw32/lib -L/usr/x86_64-w64-mingw32/sys-root/mingw/lib --enable-auto-import CMakeFiles/cmTC_2eec9.dir/CMakeCCompilerABI.c.o --out-implib libcmTC_2eec9.dll.a --major-image-version 0 --minor-image-version 0 -lmingw32 -lgcc -lgcc_eh -lmoldname -lmingwex -lmsvcrt -lpthread -ladvapi32 -lshell32 -luser32 -lkernel32 -lmingw32 -lgcc -lgcc_eh -lmoldname -lmingwex -lmsvcrt /usr/x86_64-w64-mingw32/sys-root/mingw/lib/../lib/default-manifest.o /usr/lib/gcc/x86_64-w64-mingw32/9.2.0/crtend.o
COLLECT_GCC_OPTIONS='-v' '-o' 'cmTC_2eec9.exe' '-mtune=generic' '-march=x86-64'
make[1]: Leaving directory '/cygdrive/f/LEONLAH/NTHU/109-semA/IntroToProgramming/finalproject_clean/project/build/CMakeFiles/CMakeTmp'



Parsed C implicit include dir info from above output: rv=done
  found start of include info
  found start of implicit include info
    add: [/usr/lib/gcc/x86_64-w64-mingw32/9.2.0/include]
    add: [/usr/lib/gcc/x86_64-w64-mingw32/9.2.0/include-fixed]
    add: [/usr/x86_64-w64-mingw32/sys-root/mingw/include]
  end of search list found
  collapse include dir [/usr/lib/gcc/x86_64-w64-mingw32/9.2.0/include] ==> [/usr/lib/gcc/x86_64-w64-mingw32/9.2.0/include]
  collapse include dir [/usr/lib/gcc/x86_64-w64-mingw32/9.2.0/include-fixed] ==> [/usr/lib/gcc/x86_64-w64-mingw32/9.2.0/include-fixed]
  collapse include dir [/usr/x86_64-w64-mingw32/sys-root/mingw/include] ==> [/usr/x86_64-w64-mingw32/sys-root/mingw/include]
  implicit include dirs: [/usr/lib/gcc/x86_64-w64-mingw32/9.2.0/include;/usr/lib/gcc/x86_64-w64-mingw32/9.2.0/include-fixed;/usr/x86_64-w64-mingw32/sys-root/mingw/include]


Parsed C implicit link information from above output:
  link line regex: [^( *|.*[/\])(ld\.exe|CMAKE_LINK_STARTFILE-NOTFOUND|([^/\]+-)?ld|collect2)[^/\]*( |$)]
  ignore line: [Change Dir: f:/LEONLAH/NTHU/109-semA/IntroToProgramming/finalproject_clean/project/build/CMakeFiles/CMakeTmp]
  ignore line: []
  ignore line: [Run Build Command(s):/usr/bin/make.exe cmTC_2eec9/fast && /usr/bin/make  -f CMakeFiles/cmTC_2eec9.dir/build.make CMakeFiles/cmTC_2eec9.dir/build]
  ignore line: [make[1]: Entering directory '/cygdrive/f/LEONLAH/NTHU/109-semA/IntroToProgramming/finalproject_clean/project/build/CMakeFiles/CMakeTmp']
  ignore line: [Building C object CMakeFiles/cmTC_2eec9.dir/CMakeCCompilerABI.c.o]
  ignore line: [C:/cygwin64/bin/x86_64-w64-mingw32-gcc.exe   -v -o CMakeFiles/cmTC_2eec9.dir/CMakeCCompilerABI.c.o   -c /usr/share/cmake-3.17.3/Modules/CMakeCCompilerABI.c]
  ignore line: [Using built-in specs.]
  ignore line: [COLLECT_GCC=C:/cygwin64/bin/x86_64-w64-mingw32-gcc]
  ignore line: [Target: x86_64-w64-mingw32]
  ignore line: [Configured with: /cygdrive/i/szsz/tmpp/cygwin64/mingw64-x86_64/mingw64-x86_64-gcc-9.2.0-2.x86_64/src/gcc-9.2.0/configure --srcdir=/cygdrive/i/szsz/tmpp/cygwin64/mingw64-x86_64/mingw64-x86_64-gcc-9.2.0-2.x86_64/src/gcc-9.2.0 --prefix=/usr --exec-prefix=/usr --localstatedir=/var --sysconfdir=/etc --docdir=/usr/share/doc/mingw64-x86_64-gcc --htmldir=/usr/share/doc/mingw64-x86_64-gcc/html -C --build=x86_64-pc-cygwin --host=x86_64-pc-cygwin --target=x86_64-w64-mingw32 --without-libiconv-prefix --without-libintl-prefix --with-sysroot=/usr/x86_64-w64-mingw32/sys-root --with-build-sysroot=/usr/x86_64-w64-mingw32/sys-root --disable-multilib --disable-win32-registry --enable-languages=c,c++,fortran,lto,objc,obj-c++ --enable-fully-dynamic-string --enable-graphite --enable-libgomp --enable-libquadmath --enable-libquadmath-support --enable-libssp --enable-version-specific-runtime-libs --enable-libgomp --enable-libada --with-dwarf2 --with-gnu-ld --with-gnu-as --with-tune=generic --with-cloog-include=/usr/include/cloog-isl --with-system-zlib --enable-threads=posix --libexecdir=/usr/lib]
  ignore line: [Thread model: posix]
  ignore line: [gcc version 9.2.0 (GCC) ]
  ignore line: [COLLECT_GCC_OPTIONS='-v' '-o' 'CMakeFiles/cmTC_2eec9.dir/CMakeCCompilerABI.c.o' '-c' '-mtune=generic' '-march=x86-64']
  ignore line: [ /usr/lib/gcc/x86_64-w64-mingw32/9.2.0/cc1.exe -quiet -v -D_REENTRANT /usr/share/cmake-3.17.3/Modules/CMakeCCompilerABI.c -quiet -dumpbase CMakeCCompilerABI.c -mtune=generic -march=x86-64 -auxbase-strip CMakeFiles/cmTC_2eec9.dir/CMakeCCompilerABI.c.o -version -o /cygdrive/c/Users/Leon/AppData/Local/Temp/ccYBH9Wq.s]
  ignore line: [GNU C17 (GCC) version 9.2.0 (x86_64-w64-mingw32)]
  ignore line: [	compiled by GNU C version 9.2.0  GMP version 6.2.0  MPFR version 4.0.2  MPC version 1.1.0  isl version isl-0.22.1-GMP]
  ignore line: []
  ignore line: [warning: MPFR header version 4.0.2 differs from library version 4.1.0.]
  ignore line: [warning: MPC header version 1.1.0 differs from library version 1.2.0.]
  ignore line: [GGC heuristics: --param ggc-min-expand=100 --param ggc-min-heapsize=131072]
  ignore line: [ignoring nonexistent directory "/usr/x86_64-w64-mingw32/sys-root/usr/local/include"]
  ignore line: [ignoring nonexistent directory "/usr/lib/gcc/x86_64-w64-mingw32/9.2.0/../../../../x86_64-w64-mingw32/include"]
  ignore line: [#include "..." search starts here:]
  ignore line: [#include <...> search starts here:]
  ignore line: [ /usr/lib/gcc/x86_64-w64-mingw32/9.2.0/include]
  ignore line: [ /usr/lib/gcc/x86_64-w64-mingw32/9.2.0/include-fixed]
  ignore line: [ /usr/x86_64-w64-mingw32/sys-root/mingw/include]
  ignore line: [End of search list.]
  ignore line: [GNU C17 (GCC) version 9.2.0 (x86_64-w64-mingw32)]
  ignore line: [	compiled by GNU C version 9.2.0  GMP version 6.2.0  MPFR version 4.0.2  MPC version 1.1.0  isl version isl-0.22.1-GMP]
  ignore line: []
  ignore line: [warning: MPFR header version 4.0.2 differs from library version 4.1.0.]
  ignore line: [warning: MPC header version 1.1.0 differs from library version 1.2.0.]
  ignore line: [GGC heuristics: --param ggc-min-expand=100 --param ggc-min-heapsize=131072]
  ignore line: [Compiler executable checksum: caa400db9e53bf33204adfdf1abbe556]
  ignore line: [COLLECT_GCC_OPTIONS='-v' '-o' 'CMakeFiles/cmTC_2eec9.dir/CMakeCCompilerABI.c.o' '-c' '-mtune=generic' '-march=x86-64']
  ignore line: [ /usr/lib/gcc/x86_64-w64-mingw32/9.2.0/../../../../x86_64-w64-mingw32/bin/as.exe -v -o CMakeFiles/cmTC_2eec9.dir/CMakeCCompilerABI.c.o /cygdrive/c/Users/Leon/AppData/Local/Temp/ccYBH9Wq.s]
  ignore line: [GNU assembler version 2.34.50 (x86_64-w64-mingw32) using BFD version (GNU Binutils) 2.34.50.20200227]
  ignore line: [COMPILER_PATH=/usr/lib/gcc/x86_64-w64-mingw32/9.2.0/:/usr/lib/gcc/x86_64-w64-mingw32/9.2.0/:/usr/lib/gcc/x86_64-w64-mingw32/:/usr/lib/gcc/x86_64-w64-mingw32/9.2.0/:/usr/lib/gcc/x86_64-w64-mingw32/:/usr/lib/gcc/x86_64-w64-mingw32/9.2.0/../../../../x86_64-w64-mingw32/bin/]
  ignore line: [LIBRARY_PATH=/usr/lib/gcc/x86_64-w64-mingw32/9.2.0/:/usr/lib/gcc/x86_64-w64-mingw32/9.2.0/../../../../x86_64-w64-mingw32/lib/../lib/:/usr/x86_64-w64-mingw32/sys-root/mingw/lib/../lib/:/usr/lib/gcc/x86_64-w64-mingw32/9.2.0/../../../../x86_64-w64-mingw32/lib/:/usr/x86_64-w64-mingw32/sys-root/mingw/lib/]
  ignore line: [COLLECT_GCC_OPTIONS='-v' '-o' 'CMakeFiles/cmTC_2eec9.dir/CMakeCCompilerABI.c.o' '-c' '-mtune=generic' '-march=x86-64']
  ignore line: [Linking C executable cmTC_2eec9.exe]
  ignore line: [/usr/bin/cmake.exe -E cmake_link_script CMakeFiles/cmTC_2eec9.dir/link.txt --verbose=1]
  ignore line: [C:/cygwin64/bin/x86_64-w64-mingw32-gcc.exe    -Wl --enable-auto-import -v CMakeFiles/cmTC_2eec9.dir/CMakeCCompilerABI.c.o  -o cmTC_2eec9.exe -Wl --out-implib libcmTC_2eec9.dll.a -Wl --major-image-version 0 --minor-image-version 0 ]
  ignore line: [Using built-in specs.]
  ignore line: [COLLECT_GCC=C:/cygwin64/bin/x86_64-w64-mingw32-gcc]
  ignore line: [COLLECT_LTO_WRAPPER=/usr/lib/gcc/x86_64-w64-mingw32/9.2.0/lto-wrapper.exe]
  ignore line: [Target: x86_64-w64-mingw32]
  ignore line: [Configured with: /cygdrive/i/szsz/tmpp/cygwin64/mingw64-x86_64/mingw64-x86_64-gcc-9.2.0-2.x86_64/src/gcc-9.2.0/configure --srcdir=/cygdrive/i/szsz/tmpp/cygwin64/mingw64-x86_64/mingw64-x86_64-gcc-9.2.0-2.x86_64/src/gcc-9.2.0 --prefix=/usr --exec-prefix=/usr --localstatedir=/var --sysconfdir=/etc --docdir=/usr/share/doc/mingw64-x86_64-gcc --htmldir=/usr/share/doc/mingw64-x86_64-gcc/html -C --build=x86_64-pc-cygwin --host=x86_64-pc-cygwin --target=x86_64-w64-mingw32 --without-libiconv-prefix --without-libintl-prefix --with-sysroot=/usr/x86_64-w64-mingw32/sys-root --with-build-sysroot=/usr/x86_64-w64-mingw32/sys-root --disable-multilib --disable-win32-registry --enable-languages=c,c++,fortran,lto,objc,obj-c++ --enable-fully-dynamic-string --enable-graphite --enable-libgomp --enable-libquadmath --enable-libquadmath-support --enable-libssp --enable-version-specific-runtime-libs --enable-libgomp --enable-libada --with-dwarf2 --with-gnu-ld --with-gnu-as --with-tune=generic --with-cloog-include=/usr/include/cloog-isl --with-system-zlib --enable-threads=posix --libexecdir=/usr/lib]
  ignore line: [Thread model: posix]
  ignore line: [gcc version 9.2.0 (GCC) ]
  ignore line: [COMPILER_PATH=/usr/lib/gcc/x86_64-w64-mingw32/9.2.0/:/usr/lib/gcc/x86_64-w64-mingw32/9.2.0/:/usr/lib/gcc/x86_64-w64-mingw32/:/usr/lib/gcc/x86_64-w64-mingw32/9.2.0/:/usr/lib/gcc/x86_64-w64-mingw32/:/usr/lib/gcc/x86_64-w64-mingw32/9.2.0/../../../../x86_64-w64-mingw32/bin/]
  ignore line: [LIBRARY_PATH=/usr/lib/gcc/x86_64-w64-mingw32/9.2.0/:/usr/lib/gcc/x86_64-w64-mingw32/9.2.0/../../../../x86_64-w64-mingw32/lib/../lib/:/usr/x86_64-w64-mingw32/sys-root/mingw/lib/../lib/:/usr/lib/gcc/x86_64-w64-mingw32/9.2.0/../../../../x86_64-w64-mingw32/lib/:/usr/x86_64-w64-mingw32/sys-root/mingw/lib/]
  ignore line: [COLLECT_GCC_OPTIONS='-v' '-o' 'cmTC_2eec9.exe' '-mtune=generic' '-march=x86-64']
  link line: [ /usr/lib/gcc/x86_64-w64-mingw32/9.2.0/collect2.exe -plugin /usr/lib/gcc/x86_64-w64-mingw32/9.2.0/cyglto_plugin-0.dll -plugin-opt=/usr/lib/gcc/x86_64-w64-mingw32/9.2.0/lto-wrapper.exe -plugin-opt=-fresolution=/cygdrive/c/Users/Leon/AppData/Local/Temp/cct2qDqX.res -plugin-opt=-pass-through=-lmingw32 -plugin-opt=-pass-through=-lgcc -plugin-opt=-pass-through=-lgcc_eh -plugin-opt=-pass-through=-lmoldname -plugin-opt=-pass-through=-lmingwex -plugin-opt=-pass-through=-lmsvcrt -plugin-opt=-pass-through=-lpthread -plugin-opt=-pass-through=-ladvapi32 -plugin-opt=-pass-through=-lshell32 -plugin-opt=-pass-through=-luser32 -plugin-opt=-pass-through=-lkernel32 -plugin-opt=-pass-through=-lmingw32 -plugin-opt=-pass-through=-lgcc -plugin-opt=-pass-through=-lgcc_eh -plugin-opt=-pass-through=-lmoldname -plugin-opt=-pass-through=-lmingwex -plugin-opt=-pass-through=-lmsvcrt --sysroot=/usr/x86_64-w64-mingw32/sys-root -m i386pep -Bdynamic -o cmTC_2eec9.exe /usr/x86_64-w64-mingw32/sys-root/mingw/lib/../lib/crt2.o /usr/lib/gcc/x86_64-w64-mingw32/9.2.0/crtbegin.o -L/usr/lib/gcc/x86_64-w64-mingw32/9.2.0 -L/usr/lib/gcc/x86_64-w64-mingw32/9.2.0/../../../../x86_64-w64-mingw32/lib/../lib -L/usr/x86_64-w64-mingw32/sys-root/mingw/lib/../lib -L/usr/lib/gcc/x86_64-w64-mingw32/9.2.0/../../../../x86_64-w64-mingw32/lib -L/usr/x86_64-w64-mingw32/sys-root/mingw/lib --enable-auto-import CMakeFiles/cmTC_2eec9.dir/CMakeCCompilerABI.c.o --out-implib libcmTC_2eec9.dll.a --major-image-version 0 --minor-image-version 0 -lmingw32 -lgcc -lgcc_eh -lmoldname -lmingwex -lmsvcrt -lpthread -ladvapi32 -lshell32 -luser32 -lkernel32 -lmingw32 -lgcc -lgcc_eh -lmoldname -lmingwex -lmsvcrt /usr/x86_64-w64-mingw32/sys-root/mingw/lib/../lib/default-manifest.o /usr/lib/gcc/x86_64-w64-mingw32/9.2.0/crtend.o]
    arg [/usr/lib/gcc/x86_64-w64-mingw32/9.2.0/collect2.exe] ==> ignore
    arg [-plugin] ==> ignore
    arg [/usr/lib/gcc/x86_64-w64-mingw32/9.2.0/cyglto_plugin-0.dll] ==> ignore
    arg [-plugin-opt=/usr/lib/gcc/x86_64-w64-mingw32/9.2.0/lto-wrapper.exe] ==> ignore
    arg [-plugin-opt=-fresolution=/cygdrive/c/Users/Leon/AppData/Local/Temp/cct2qDqX.res] ==> ignore
    arg [-plugin-opt=-pass-through=-lmingw32] ==> ignore
    arg [-plugin-opt=-pass-through=-lgcc] ==> ignore
    arg [-plugin-opt=-pass-through=-lgcc_eh] ==> ignore
    arg [-plugin-opt=-pass-through=-lmoldname] ==> ignore
    arg [-plugin-opt=-pass-through=-lmingwex] ==> ignore
    arg [-plugin-opt=-pass-through=-lmsvcrt] ==> ignore
    arg [-plugin-opt=-pass-through=-lpthread] ==> ignore
    arg [-plugin-opt=-pass-through=-ladvapi32] ==> ignore
    arg [-plugin-opt=-pass-through=-lshell32] ==> ignore
    arg [-plugin-opt=-pass-through=-luser32] ==> ignore
    arg [-plugin-opt=-pass-through=-lkernel32] ==> ignore
    arg [-plugin-opt=-pass-through=-lmingw32] ==> ignore
    arg [-plugin-opt=-pass-through=-lgcc] ==> ignore
    arg [-plugin-opt=-pass-through=-lgcc_eh] ==> ignore
    arg [-plugin-opt=-pass-through=-lmoldname] ==> ignore
    arg [-plugin-opt=-pass-through=-lmingwex] ==> ignore
    arg [-plugin-opt=-pass-through=-lmsvcrt] ==> ignore
    arg [--sysroot=/usr/x86_64-w64-mingw32/sys-root] ==> ignore
    arg [-m] ==> ignore
    arg [i386pep] ==> ignore
    arg [-Bdynamic] ==> ignore
    arg [-o] ==> ignore
    arg [cmTC_2eec9.exe] ==> ignore
    arg [/usr/x86_64-w64-mingw32/sys-root/mingw/lib/../lib/crt2.o] ==> ignore
    arg [/usr/lib/gcc/x86_64-w64-mingw32/9.2.0/crtbegin.o] ==> ignore
    arg [-L/usr/lib/gcc/x86_64-w64-mingw32/9.2.0] ==> dir [/usr/lib/gcc/x86_64-w64-mingw32/9.2.0]
    arg [-L/usr/lib/gcc/x86_64-w64-mingw32/9.2.0/../../../../x86_64-w64-mingw32/lib/../lib] ==> dir [/usr/lib/gcc/x86_64-w64-mingw32/9.2.0/../../../../x86_64-w64-mingw32/lib/../lib]
    arg [-L/usr/x86_64-w64-mingw32/sys-root/mingw/lib/../lib] ==> dir [/usr/x86_64-w64-mingw32/sys-root/mingw/lib/../lib]
    arg [-L/usr/lib/gcc/x86_64-w64-mingw32/9.2.0/../../../../x86_64-w64-mingw32/lib] ==> dir [/usr/lib/gcc/x86_64-w64-mingw32/9.2.0/../../../../x86_64-w64-mingw32/lib]
    arg [-L/usr/x86_64-w64-mingw32/sys-root/mingw/lib] ==> dir [/usr/x86_64-w64-mingw32/sys-root/mingw/lib]
    arg [--enable-auto-import] ==> ignore
    arg [CMakeFiles/cmTC_2eec9.dir/CMakeCCompilerABI.c.o] ==> ignore
    arg [--out-implib] ==> ignore
    arg [libcmTC_2eec9.dll.a] ==> ignore
    arg [--major-image-version] ==> ignore
    arg [0] ==> ignore
    arg [--minor-image-version] ==> ignore
    arg [0] ==> ignore
    arg [-lmingw32] ==> lib [mingw32]
    arg [-lgcc] ==> lib [gcc]
    arg [-lgcc_eh] ==> lib [gcc_eh]
    arg [-lmoldname] ==> lib [moldname]
    arg [-lmingwex] ==> lib [mingwex]
    arg [-lmsvcrt] ==> lib [msvcrt]
    arg [-lpthread] ==> lib [pthread]
    arg [-ladvapi32] ==> lib [advapi32]
    arg [-lshell32] ==> lib [shell32]
    arg [-luser32] ==> lib [user32]
    arg [-lkernel32] ==> lib [kernel32]
    arg [-lmingw32] ==> lib [mingw32]
    arg [-lgcc] ==> lib [gcc]
    arg [-lgcc_eh] ==> lib [gcc_eh]
    arg [-lmoldname] ==> lib [moldname]
    arg [-lmingwex] ==> lib [mingwex]
    arg [-lmsvcrt] ==> lib [msvcrt]
    arg [/usr/x86_64-w64-mingw32/sys-root/mingw/lib/../lib/default-manifest.o] ==> ignore
    arg [/usr/lib/gcc/x86_64-w64-mingw32/9.2.0/crtend.o] ==> ignore
  remove lib [gcc_eh]
  remove lib [msvcrt]
  remove lib [gcc_eh]
  remove lib [msvcrt]
  collapse library dir [/usr/lib/gcc/x86_64-w64-mingw32/9.2.0] ==> [/usr/lib/gcc/x86_64-w64-mingw32/9.2.0]
  collapse library dir [/usr/lib/gcc/x86_64-w64-mingw32/9.2.0/../../../../x86_64-w64-mingw32/lib/../lib] ==> [/usr/x86_64-w64-mingw32/lib]
  collapse library dir [/usr/x86_64-w64-mingw32/sys-root/mingw/lib/../lib] ==> [/usr/x86_64-w64-mingw32/sys-root/mingw/lib]
  collapse library dir [/usr/lib/gcc/x86_64-w64-mingw32/9.2.0/../../../../x86_64-w64-mingw32/lib] ==> [/usr/x86_64-w64-mingw32/lib]
  collapse library dir [/usr/x86_64-w64-mingw32/sys-root/mingw/lib] ==> [/usr/x86_64-w64-mingw32/sys-root/mingw/lib]
  implicit libs: [mingw32;gcc;moldname;mingwex;pthread;advapi32;shell32;user32;kernel32;mingw32;gcc;moldname;mingwex]
  implicit dirs: [/usr/lib/gcc/x86_64-w64-mingw32/9.2.0;/usr/x86_64-w64-mingw32/lib;/usr/x86_64-w64-mingw32/sys-root/mingw/lib]
  implicit fwks: []


Determining if the CXX compiler works passed with the following output:
Change Dir: f:/LEONLAH/NTHU/109-semA/IntroToProgramming/finalproject_clean/project/build/CMakeFiles/CMakeTmp

Run Build Command(s):/usr/bin/make.exe cmTC_ebab0/fast && /usr/bin/make  -f CMakeFiles/cmTC_ebab0.dir/build.make CMakeFiles/cmTC_ebab0.dir/build
make[1]: Entering directory '/cygdrive/f/LEONLAH/NTHU/109-semA/IntroToProgramming/finalproject_clean/project/build/CMakeFiles/CMakeTmp'
Building CXX object CMakeFiles/cmTC_ebab0.dir/testCXXCompiler.cxx.o
C:/cygwin64/bin/x86_64-w64-mingw32-g++.exe     -o CMakeFiles/cmTC_ebab0.dir/testCXXCompiler.cxx.o -c f:/LEONLAH/NTHU/109-semA/IntroToProgramming/finalproject_clean/project/build/CMakeFiles/CMakeTmp/testCXXCompiler.cxx
Linking CXX executable cmTC_ebab0.exe
/usr/bin/cmake.exe -E cmake_link_script CMakeFiles/cmTC_ebab0.dir/link.txt --verbose=1
C:/cygwin64/bin/x86_64-w64-mingw32-g++.exe    -Wl,--enable-auto-import  CMakeFiles/cmTC_ebab0.dir/testCXXCompiler.cxx.o  -o cmTC_ebab0.exe -Wl,--out-implib,libcmTC_ebab0.dll.a -Wl,--major-image-version,0,--minor-image-version,0 
make[1]: Leaving directory '/cygdrive/f/LEONLAH/NTHU/109-semA/IntroToProgramming/finalproject_clean/project/build/CMakeFiles/CMakeTmp'



Detecting CXX compiler ABI info compiled with the following output:
Change Dir: f:/LEONLAH/NTHU/109-semA/IntroToProgramming/finalproject_clean/project/build/CMakeFiles/CMakeTmp

Run Build Command(s):/usr/bin/make.exe cmTC_b8a1f/fast && /usr/bin/make  -f CMakeFiles/cmTC_b8a1f.dir/build.make CMakeFiles/cmTC_b8a1f.dir/build
make[1]: Entering directory '/cygdrive/f/LEONLAH/NTHU/109-semA/IntroToProgramming/finalproject_clean/project/build/CMakeFiles/CMakeTmp'
Building CXX object CMakeFiles/cmTC_b8a1f.dir/CMakeCXXCompilerABI.cpp.o
C:/cygwin64/bin/x86_64-w64-mingw32-g++.exe    -v -o CMakeFiles/cmTC_b8a1f.dir/CMakeCXXCompilerABI.cpp.o -c /usr/share/cmake-3.17.3/Modules/CMakeCXXCompilerABI.cpp
Using built-in specs.
COLLECT_GCC=C:/cygwin64/bin/x86_64-w64-mingw32-g++
Target: x86_64-w64-mingw32
Configured with: /cygdrive/i/szsz/tmpp/cygwin64/mingw64-x86_64/mingw64-x86_64-gcc-9.2.0-2.x86_64/src/gcc-9.2.0/configure --srcdir=/cygdrive/i/szsz/tmpp/cygwin64/mingw64-x86_64/mingw64-x86_64-gcc-9.2.0-2.x86_64/src/gcc-9.2.0 --prefix=/usr --exec-prefix=/usr --localstatedir=/var --sysconfdir=/etc --docdir=/usr/share/doc/mingw64-x86_64-gcc --htmldir=/usr/share/doc/mingw64-x86_64-gcc/html -C --build=x86_64-pc-cygwin --host=x86_64-pc-cygwin --target=x86_64-w64-mingw32 --without-libiconv-prefix --without-libintl-prefix --with-sysroot=/usr/x86_64-w64-mingw32/sys-root --with-build-sysroot=/usr/x86_64-w64-mingw32/sys-root --disable-multilib --disable-win32-registry --enable-languages=c,c++,fortran,lto,objc,obj-c++ --enable-fully-dynamic-string --enable-graphite --enable-libgomp --enable-libquadmath --enable-libquadmath-support --enable-libssp --enable-version-specific-runtime-libs --enable-libgomp --enable-libada --with-dwarf2 --with-gnu-ld --with-gnu-as --with-tune=generic --with-cloog-include=/usr/include/cloog-isl --with-system-zlib --enable-threads=posix --libexecdir=/usr/lib
Thread model: posix
gcc version 9.2.0 (GCC) 
COLLECT_GCC_OPTIONS='-v' '-o' 'CMakeFiles/cmTC_b8a1f.dir/CMakeCXXCompilerABI.cpp.o' '-c' '-shared-libgcc' '-mtune=generic' '-march=x86-64'
 /usr/lib/gcc/x86_64-w64-mingw32/9.2.0/cc1plus.exe -quiet -v -D_REENTRANT /usr/share/cmake-3.17.3/Modules/CMakeCXXCompilerABI.cpp -quiet -dumpbase CMakeCXXCompilerABI.cpp -mtune=generic -march=x86-64 -auxbase-strip CMakeFiles/cmTC_b8a1f.dir/CMakeCXXCompilerABI.cpp.o -version -o /cygdrive/c/Users/Leon/AppData/Local/Temp/ccAHdmEC.s
GNU C++14 (GCC) version 9.2.0 (x86_64-w64-mingw32)
	compiled by GNU C version 9.2.0, GMP version 6.2.0, MPFR version 4.0.2, MPC version 1.1.0, isl version isl-0.22.1-GMP

warning: MPFR header version 4.0.2 differs from library version 4.1.0.
warning: MPC header version 1.1.0 differs from library version 1.2.0.
GGC heuristics: --param ggc-min-expand=100 --param ggc-min-heapsize=131072
ignoring nonexistent directory "/usr/x86_64-w64-mingw32/sys-root/usr/local/include"
ignoring nonexistent directory "/usr/lib/gcc/x86_64-w64-mingw32/9.2.0/../../../../x86_64-w64-mingw32/include"
#include "..." search starts here:
#include <...> search starts here:
 /usr/lib/gcc/x86_64-w64-mingw32/9.2.0/include/c++
 /usr/lib/gcc/x86_64-w64-mingw32/9.2.0/include/c++/x86_64-w64-mingw32
 /usr/lib/gcc/x86_64-w64-mingw32/9.2.0/include/c++/backward
 /usr/lib/gcc/x86_64-w64-mingw32/9.2.0/include
 /usr/lib/gcc/x86_64-w64-mingw32/9.2.0/include-fixed
 /usr/x86_64-w64-mingw32/sys-root/mingw/include
End of search list.
GNU C++14 (GCC) version 9.2.0 (x86_64-w64-mingw32)
	compiled by GNU C version 9.2.0, GMP version 6.2.0, MPFR version 4.0.2, MPC version 1.1.0, isl version isl-0.22.1-GMP

warning: MPFR header version 4.0.2 differs from library version 4.1.0.
warning: MPC header version 1.1.0 differs from library version 1.2.0.
GGC heuristics: --param ggc-min-expand=100 --param ggc-min-heapsize=131072
Compiler executable checksum: 7304eb84949259727f7c04d4cf48e584
COLLECT_GCC_OPTIONS='-v' '-o' 'CMakeFiles/cmTC_b8a1f.dir/CMakeCXXCompilerABI.cpp.o' '-c' '-shared-libgcc' '-mtune=generic' '-march=x86-64'
 /usr/lib/gcc/x86_64-w64-mingw32/9.2.0/../../../../x86_64-w64-mingw32/bin/as.exe -v -o CMakeFiles/cmTC_b8a1f.dir/CMakeCXXCompilerABI.cpp.o /cygdrive/c/Users/Leon/AppData/Local/Temp/ccAHdmEC.s
GNU assembler version 2.34.50 (x86_64-w64-mingw32) using BFD version (GNU Binutils) 2.34.50.20200227
COMPILER_PATH=/usr/lib/gcc/x86_64-w64-mingw32/9.2.0/:/usr/lib/gcc/x86_64-w64-mingw32/9.2.0/:/usr/lib/gcc/x86_64-w64-mingw32/:/usr/lib/gcc/x86_64-w64-mingw32/9.2.0/:/usr/lib/gcc/x86_64-w64-mingw32/:/usr/lib/gcc/x86_64-w64-mingw32/9.2.0/../../../../x86_64-w64-mingw32/bin/
LIBRARY_PATH=/usr/lib/gcc/x86_64-w64-mingw32/9.2.0/:/usr/lib/gcc/x86_64-w64-mingw32/9.2.0/../../../../x86_64-w64-mingw32/lib/../lib/:/usr/x86_64-w64-mingw32/sys-root/mingw/lib/../lib/:/usr/lib/gcc/x86_64-w64-mingw32/9.2.0/../../../../x86_64-w64-mingw32/lib/:/usr/x86_64-w64-mingw32/sys-root/mingw/lib/
COLLECT_GCC_OPTIONS='-v' '-o' 'CMakeFiles/cmTC_b8a1f.dir/CMakeCXXCompilerABI.cpp.o' '-c' '-shared-libgcc' '-mtune=generic' '-march=x86-64'
Linking CXX executable cmTC_b8a1f.exe
/usr/bin/cmake.exe -E cmake_link_script CMakeFiles/cmTC_b8a1f.dir/link.txt --verbose=1
C:/cygwin64/bin/x86_64-w64-mingw32-g++.exe    -Wl,--enable-auto-import -v CMakeFiles/cmTC_b8a1f.dir/CMakeCXXCompilerABI.cpp.o  -o cmTC_b8a1f.exe -Wl,--out-implib,libcmTC_b8a1f.dll.a -Wl,--major-image-version,0,--minor-image-version,0 
Using built-in specs.
COLLECT_GCC=C:/cygwin64/bin/x86_64-w64-mingw32-g++
COLLECT_LTO_WRAPPER=/usr/lib/gcc/x86_64-w64-mingw32/9.2.0/lto-wrapper.exe
Target: x86_64-w64-mingw32
Configured with: /cygdrive/i/szsz/tmpp/cygwin64/mingw64-x86_64/mingw64-x86_64-gcc-9.2.0-2.x86_64/src/gcc-9.2.0/configure --srcdir=/cygdrive/i/szsz/tmpp/cygwin64/mingw64-x86_64/mingw64-x86_64-gcc-9.2.0-2.x86_64/src/gcc-9.2.0 --prefix=/usr --exec-prefix=/usr --localstatedir=/var --sysconfdir=/etc --docdir=/usr/share/doc/mingw64-x86_64-gcc --htmldir=/usr/share/doc/mingw64-x86_64-gcc/html -C --build=x86_64-pc-cygwin --host=x86_64-pc-cygwin --target=x86_64-w64-mingw32 --without-libiconv-prefix --without-libintl-prefix --with-sysroot=/usr/x86_64-w64-mingw32/sys-root --with-build-sysroot=/usr/x86_64-w64-mingw32/sys-root --disable-multilib --disable-win32-registry --enable-languages=c,c++,fortran,lto,objc,obj-c++ --enable-fully-dynamic-string --enable-graphite --enable-libgomp --enable-libquadmath --enable-libquadmath-support --enable-libssp --enable-version-specific-runtime-libs --enable-libgomp --enable-libada --with-dwarf2 --with-gnu-ld --with-gnu-as --with-tune=generic --with-cloog-include=/usr/include/cloog-isl --with-system-zlib --enable-threads=posix --libexecdir=/usr/lib
Thread model: posix
gcc version 9.2.0 (GCC) 
COMPILER_PATH=/usr/lib/gcc/x86_64-w64-mingw32/9.2.0/:/usr/lib/gcc/x86_64-w64-mingw32/9.2.0/:/usr/lib/gcc/x86_64-w64-mingw32/:/usr/lib/gcc/x86_64-w64-mingw32/9.2.0/:/usr/lib/gcc/x86_64-w64-mingw32/:/usr/lib/gcc/x86_64-w64-mingw32/9.2.0/../../../../x86_64-w64-mingw32/bin/
LIBRARY_PATH=/usr/lib/gcc/x86_64-w64-mingw32/9.2.0/:/usr/lib/gcc/x86_64-w64-mingw32/9.2.0/../../../../x86_64-w64-mingw32/lib/../lib/:/usr/x86_64-w64-mingw32/sys-root/mingw/lib/../lib/:/usr/lib/gcc/x86_64-w64-mingw32/9.2.0/../../../../x86_64-w64-mingw32/lib/:/usr/x86_64-w64-mingw32/sys-root/mingw/lib/
COLLECT_GCC_OPTIONS='-v' '-o' 'cmTC_b8a1f.exe' '-shared-libgcc' '-mtune=generic' '-march=x86-64'
 /usr/lib/gcc/x86_64-w64-mingw32/9.2.0/collect2.exe -plugin /usr/lib/gcc/x86_64-w64-mingw32/9.2.0/cyglto_plugin-0.dll -plugin-opt=/usr/lib/gcc/x86_64-w64-mingw32/9.2.0/lto-wrapper.exe -plugin-opt=-fresolution=/cygdrive/c/Users/Leon/AppData/Local/Temp/cc6rMxl8.res -plugin-opt=-pass-through=-lmingw32 -plugin-opt=-pass-through=-lgcc_s -plugin-opt=-pass-through=-lgcc -plugin-opt=-pass-through=-lmoldname -plugin-opt=-pass-through=-lmingwex -plugin-opt=-pass-through=-lmsvcrt -plugin-opt=-pass-through=-lpthread -plugin-opt=-pass-through=-ladvapi32 -plugin-opt=-pass-through=-lshell32 -plugin-opt=-pass-through=-luser32 -plugin-opt=-pass-through=-lkernel32 -plugin-opt=-pass-through=-lmingw32 -plugin-opt=-pass-through=-lgcc_s -plugin-opt=-pass-through=-lgcc -plugin-opt=-pass-through=-lmoldname -plugin-opt=-pass-through=-lmingwex -plugin-opt=-pass-through=-lmsvcrt --sysroot=/usr/x86_64-w64-mingw32/sys-root -m i386pep -Bdynamic -o cmTC_b8a1f.exe /usr/x86_64-w64-mingw32/sys-root/mingw/lib/../lib/crt2.o /usr/lib/gcc/x86_64-w64-mingw32/9.2.0/crtbegin.o -L/usr/lib/gcc/x86_64-w64-mingw32/9.2.0 -L/usr/lib/gcc/x86_64-w64-mingw32/9.2.0/../../../../x86_64-w64-mingw32/lib/../lib -L/usr/x86_64-w64-mingw32/sys-root/mingw/lib/../lib -L/usr/lib/gcc/x86_64-w64-mingw32/9.2.0/../../../../x86_64-w64-mingw32/lib -L/usr/x86_64-w64-mingw32/sys-root/mingw/lib --enable-auto-import CMakeFiles/cmTC_b8a1f.dir/CMakeCXXCompilerABI.cpp.o --out-implib libcmTC_b8a1f.dll.a --major-image-version 0 --minor-image-version 0 -lstdc++ -lmingw32 -lgcc_s -lgcc -lmoldname -lmingwex -lmsvcrt -lpthread -ladvapi32 -lshell32 -luser32 -lkernel32 -lmingw32 -lgcc_s -lgcc -lmoldname -lmingwex -lmsvcrt /usr/x86_64-w64-mingw32/sys-root/mingw/lib/../lib/default-manifest.o /usr/lib/gcc/x86_64-w64-mingw32/9.2.0/crtend.o
COLLECT_GCC_OPTIONS='-v' '-o' 'cmTC_b8a1f.exe' '-shared-libgcc' '-mtune=generic' '-march=x86-64'
make[1]: Leaving directory '/cygdrive/f/LEONLAH/NTHU/109-semA/IntroToProgramming/finalproject_clean/project/build/CMakeFiles/CMakeTmp'



Parsed CXX implicit include dir info from above output: rv=done
  found start of include info
  found start of implicit include info
    add: [/usr/lib/gcc/x86_64-w64-mingw32/9.2.0/include/c++]
    add: [/usr/lib/gcc/x86_64-w64-mingw32/9.2.0/include/c++/x86_64-w64-mingw32]
    add: [/usr/lib/gcc/x86_64-w64-mingw32/9.2.0/include/c++/backward]
    add: [/usr/lib/gcc/x86_64-w64-mingw32/9.2.0/include]
    add: [/usr/lib/gcc/x86_64-w64-mingw32/9.2.0/include-fixed]
    add: [/usr/x86_64-w64-mingw32/sys-root/mingw/include]
  end of search list found
  collapse include dir [/usr/lib/gcc/x86_64-w64-mingw32/9.2.0/include/c++] ==> [/usr/lib/gcc/x86_64-w64-mingw32/9.2.0/include/c++]
  collapse include dir [/usr/lib/gcc/x86_64-w64-mingw32/9.2.0/include/c++/x86_64-w64-mingw32] ==> [/usr/lib/gcc/x86_64-w64-mingw32/9.2.0/include/c++/x86_64-w64-mingw32]
  collapse include dir [/usr/lib/gcc/x86_64-w64-mingw32/9.2.0/include/c++/backward] ==> [/usr/lib/gcc/x86_64-w64-mingw32/9.2.0/include/c++/backward]
  collapse include dir [/usr/lib/gcc/x86_64-w64-mingw32/9.2.0/include] ==> [/usr/lib/gcc/x86_64-w64-mingw32/9.2.0/include]
  collapse include dir [/usr/lib/gcc/x86_64-w64-mingw32/9.2.0/include-fixed] ==> [/usr/lib/gcc/x86_64-w64-mingw32/9.2.0/include-fixed]
  collapse include dir [/usr/x86_64-w64-mingw32/sys-root/mingw/include] ==> [/usr/x86_64-w64-mingw32/sys-root/mingw/include]
  implicit include dirs: [/usr/lib/gcc/x86_64-w64-mingw32/9.2.0/include/c++;/usr/lib/gcc/x86_64-w64-mingw32/9.2.0/include/c++/x86_64-w64-mingw32;/usr/lib/gcc/x86_64-w64-mingw32/9.2.0/include/c++/backward;/usr/lib/gcc/x86_64-w64-mingw32/9.2.0/include;/usr/lib/gcc/x86_64-w64-mingw32/9.2.0/include-fixed;/usr/x86_64-w64-mingw32/sys-root/mingw/include]


Parsed CXX implicit link information from above output:
  link line regex: [^( *|.*[/\])(ld\.exe|CMAKE_LINK_STARTFILE-NOTFOUND|([^/\]+-)?ld|collect2)[^/\]*( |$)]
  ignore line: [Change Dir: f:/LEONLAH/NTHU/109-semA/IntroToProgramming/finalproject_clean/project/build/CMakeFiles/CMakeTmp]
  ignore line: []
  ignore line: [Run Build Command(s):/usr/bin/make.exe cmTC_b8a1f/fast && /usr/bin/make  -f CMakeFiles/cmTC_b8a1f.dir/build.make CMakeFiles/cmTC_b8a1f.dir/build]
  ignore line: [make[1]: Entering directory '/cygdrive/f/LEONLAH/NTHU/109-semA/IntroToProgramming/finalproject_clean/project/build/CMakeFiles/CMakeTmp']
  ignore line: [Building CXX object CMakeFiles/cmTC_b8a1f.dir/CMakeCXXCompilerABI.cpp.o]
  ignore line: [C:/cygwin64/bin/x86_64-w64-mingw32-g++.exe    -v -o CMakeFiles/cmTC_b8a1f.dir/CMakeCXXCompilerABI.cpp.o -c /usr/share/cmake-3.17.3/Modules/CMakeCXXCompilerABI.cpp]
  ignore line: [Using built-in specs.]
  ignore line: [COLLECT_GCC=C:/cygwin64/bin/x86_64-w64-mingw32-g++]
  ignore line: [Target: x86_64-w64-mingw32]
  ignore line: [Configured with: /cygdrive/i/szsz/tmpp/cygwin64/mingw64-x86_64/mingw64-x86_64-gcc-9.2.0-2.x86_64/src/gcc-9.2.0/configure --srcdir=/cygdrive/i/szsz/tmpp/cygwin64/mingw64-x86_64/mingw64-x86_64-gcc-9.2.0-2.x86_64/src/gcc-9.2.0 --prefix=/usr --exec-prefix=/usr --localstatedir=/var --sysconfdir=/etc --docdir=/usr/share/doc/mingw64-x86_64-gcc --htmldir=/usr/share/doc/mingw64-x86_64-gcc/html -C --build=x86_64-pc-cygwin --host=x86_64-pc-cygwin --target=x86_64-w64-mingw32 --without-libiconv-prefix --without-libintl-prefix --with-sysroot=/usr/x86_64-w64-mingw32/sys-root --with-build-sysroot=/usr/x86_64-w64-mingw32/sys-root --disable-multilib --disable-win32-registry --enable-languages=c,c++,fortran,lto,objc,obj-c++ --enable-fully-dynamic-string --enable-graphite --enable-libgomp --enable-libquadmath --enable-libquadmath-support --enable-libssp --enable-version-specific-runtime-libs --enable-libgomp --enable-libada --with-dwarf2 --with-gnu-ld --with-gnu-as --with-tune=generic --with-cloog-include=/usr/include/cloog-isl --with-system-zlib --enable-threads=posix --libexecdir=/usr/lib]
  ignore line: [Thread model: posix]
  ignore line: [gcc version 9.2.0 (GCC) ]
  ignore line: [COLLECT_GCC_OPTIONS='-v' '-o' 'CMakeFiles/cmTC_b8a1f.dir/CMakeCXXCompilerABI.cpp.o' '-c' '-shared-libgcc' '-mtune=generic' '-march=x86-64']
  ignore line: [ /usr/lib/gcc/x86_64-w64-mingw32/9.2.0/cc1plus.exe -quiet -v -D_REENTRANT /usr/share/cmake-3.17.3/Modules/CMakeCXXCompilerABI.cpp -quiet -dumpbase CMakeCXXCompilerABI.cpp -mtune=generic -march=x86-64 -auxbase-strip CMakeFiles/cmTC_b8a1f.dir/CMakeCXXCompilerABI.cpp.o -version -o /cygdrive/c/Users/Leon/AppData/Local/Temp/ccAHdmEC.s]
  ignore line: [GNU C++14 (GCC) version 9.2.0 (x86_64-w64-mingw32)]
  ignore line: [	compiled by GNU C version 9.2.0  GMP version 6.2.0  MPFR version 4.0.2  MPC version 1.1.0  isl version isl-0.22.1-GMP]
  ignore line: []
  ignore line: [warning: MPFR header version 4.0.2 differs from library version 4.1.0.]
  ignore line: [warning: MPC header version 1.1.0 differs from library version 1.2.0.]
  ignore line: [GGC heuristics: --param ggc-min-expand=100 --param ggc-min-heapsize=131072]
  ignore line: [ignoring nonexistent directory "/usr/x86_64-w64-mingw32/sys-root/usr/local/include"]
  ignore line: [ignoring nonexistent directory "/usr/lib/gcc/x86_64-w64-mingw32/9.2.0/../../../../x86_64-w64-mingw32/include"]
  ignore line: [#include "..." search starts here:]
  ignore line: [#include <...> search starts here:]
  ignore line: [ /usr/lib/gcc/x86_64-w64-mingw32/9.2.0/include/c++]
  ignore line: [ /usr/lib/gcc/x86_64-w64-mingw32/9.2.0/include/c++/x86_64-w64-mingw32]
  ignore line: [ /usr/lib/gcc/x86_64-w64-mingw32/9.2.0/include/c++/backward]
  ignore line: [ /usr/lib/gcc/x86_64-w64-mingw32/9.2.0/include]
  ignore line: [ /usr/lib/gcc/x86_64-w64-mingw32/9.2.0/include-fixed]
  ignore line: [ /usr/x86_64-w64-mingw32/sys-root/mingw/include]
  ignore line: [End of search list.]
  ignore line: [GNU C++14 (GCC) version 9.2.0 (x86_64-w64-mingw32)]
  ignore line: [	compiled by GNU C version 9.2.0  GMP version 6.2.0  MPFR version 4.0.2  MPC version 1.1.0  isl version isl-0.22.1-GMP]
  ignore line: []
  ignore line: [warning: MPFR header version 4.0.2 differs from library version 4.1.0.]
  ignore line: [warning: MPC header version 1.1.0 differs from library version 1.2.0.]
  ignore line: [GGC heuristics: --param ggc-min-expand=100 --param ggc-min-heapsize=131072]
  ignore line: [Compiler executable checksum: 7304eb84949259727f7c04d4cf48e584]
  ignore line: [COLLECT_GCC_OPTIONS='-v' '-o' 'CMakeFiles/cmTC_b8a1f.dir/CMakeCXXCompilerABI.cpp.o' '-c' '-shared-libgcc' '-mtune=generic' '-march=x86-64']
  ignore line: [ /usr/lib/gcc/x86_64-w64-mingw32/9.2.0/../../../../x86_64-w64-mingw32/bin/as.exe -v -o CMakeFiles/cmTC_b8a1f.dir/CMakeCXXCompilerABI.cpp.o /cygdrive/c/Users/Leon/AppData/Local/Temp/ccAHdmEC.s]
  ignore line: [GNU assembler version 2.34.50 (x86_64-w64-mingw32) using BFD version (GNU Binutils) 2.34.50.20200227]
  ignore line: [COMPILER_PATH=/usr/lib/gcc/x86_64-w64-mingw32/9.2.0/:/usr/lib/gcc/x86_64-w64-mingw32/9.2.0/:/usr/lib/gcc/x86_64-w64-mingw32/:/usr/lib/gcc/x86_64-w64-mingw32/9.2.0/:/usr/lib/gcc/x86_64-w64-mingw32/:/usr/lib/gcc/x86_64-w64-mingw32/9.2.0/../../../../x86_64-w64-mingw32/bin/]
  ignore line: [LIBRARY_PATH=/usr/lib/gcc/x86_64-w64-mingw32/9.2.0/:/usr/lib/gcc/x86_64-w64-mingw32/9.2.0/../../../../x86_64-w64-mingw32/lib/../lib/:/usr/x86_64-w64-mingw32/sys-root/mingw/lib/../lib/:/usr/lib/gcc/x86_64-w64-mingw32/9.2.0/../../../../x86_64-w64-mingw32/lib/:/usr/x86_64-w64-mingw32/sys-root/mingw/lib/]
  ignore line: [COLLECT_GCC_OPTIONS='-v' '-o' 'CMakeFiles/cmTC_b8a1f.dir/CMakeCXXCompilerABI.cpp.o' '-c' '-shared-libgcc' '-mtune=generic' '-march=x86-64']
  ignore line: [Linking CXX executable cmTC_b8a1f.exe]
  ignore line: [/usr/bin/cmake.exe -E cmake_link_script CMakeFiles/cmTC_b8a1f.dir/link.txt --verbose=1]
  ignore line: [C:/cygwin64/bin/x86_64-w64-mingw32-g++.exe    -Wl --enable-auto-import -v CMakeFiles/cmTC_b8a1f.dir/CMakeCXXCompilerABI.cpp.o  -o cmTC_b8a1f.exe -Wl --out-implib libcmTC_b8a1f.dll.a -Wl --major-image-version 0 --minor-image-version 0 ]
  ignore line: [Using built-in specs.]
  ignore line: [COLLECT_GCC=C:/cygwin64/bin/x86_64-w64-mingw32-g++]
  ignore line: [COLLECT_LTO_WRAPPER=/usr/lib/gcc/x86_64-w64-mingw32/9.2.0/lto-wrapper.exe]
  ignore line: [Target: x86_64-w64-mingw32]
  ignore line: [Configured with: /cygdrive/i/szsz/tmpp/cygwin64/mingw64-x86_64/mingw64-x86_64-gcc-9.2.0-2.x86_64/src/gcc-9.2.0/configure --srcdir=/cygdrive/i/szsz/tmpp/cygwin64/mingw64-x86_64/mingw64-x86_64-gcc-9.2.0-2.x86_64/src/gcc-9.2.0 --prefix=/usr --exec-prefix=/usr --localstatedir=/var --sysconfdir=/etc --docdir=/usr/share/doc/mingw64-x86_64-gcc --htmldir=/usr/share/doc/mingw64-x86_64-gcc/html -C --build=x86_64-pc-cygwin --host=x86_64-pc-cygwin --target=x86_64-w64-mingw32 --without-libiconv-prefix --without-libintl-prefix --with-sysroot=/usr/x86_64-w64-mingw32/sys-root --with-build-sysroot=/usr/x86_64-w64-mingw32/sys-root --disable-multilib --disable-win32-registry --enable-languages=c,c++,fortran,lto,objc,obj-c++ --enable-fully-dynamic-string --enable-graphite --enable-libgomp --enable-libquadmath --enable-libquadmath-support --enable-libssp --enable-version-specific-runtime-libs --enable-libgomp --enable-libada --with-dwarf2 --with-gnu-ld --with-gnu-as --with-tune=generic --with-cloog-include=/usr/include/cloog-isl --with-system-zlib --enable-threads=posix --libexecdir=/usr/lib]
  ignore line: [Thread model: posix]
  ignore line: [gcc version 9.2.0 (GCC) ]
  ignore line: [COMPILER_PATH=/usr/lib/gcc/x86_64-w64-mingw32/9.2.0/:/usr/lib/gcc/x86_64-w64-mingw32/9.2.0/:/usr/lib/gcc/x86_64-w64-mingw32/:/usr/lib/gcc/x86_64-w64-mingw32/9.2.0/:/usr/lib/gcc/x86_64-w64-mingw32/:/usr/lib/gcc/x86_64-w64-mingw32/9.2.0/../../../../x86_64-w64-mingw32/bin/]
  ignore line: [LIBRARY_PATH=/usr/lib/gcc/x86_64-w64-mingw32/9.2.0/:/usr/lib/gcc/x86_64-w64-mingw32/9.2.0/../../../../x86_64-w64-mingw32/lib/../lib/:/usr/x86_64-w64-mingw32/sys-root/mingw/lib/../lib/:/usr/lib/gcc/x86_64-w64-mingw32/9.2.0/../../../../x86_64-w64-mingw32/lib/:/usr/x86_64-w64-mingw32/sys-root/mingw/lib/]
  ignore line: [COLLECT_GCC_OPTIONS='-v' '-o' 'cmTC_b8a1f.exe' '-shared-libgcc' '-mtune=generic' '-march=x86-64']
  link line: [ /usr/lib/gcc/x86_64-w64-mingw32/9.2.0/collect2.exe -plugin /usr/lib/gcc/x86_64-w64-mingw32/9.2.0/cyglto_plugin-0.dll -plugin-opt=/usr/lib/gcc/x86_64-w64-mingw32/9.2.0/lto-wrapper.exe -plugin-opt=-fresolution=/cygdrive/c/Users/Leon/AppData/Local/Temp/cc6rMxl8.res -plugin-opt=-pass-through=-lmingw32 -plugin-opt=-pass-through=-lgcc_s -plugin-opt=-pass-through=-lgcc -plugin-opt=-pass-through=-lmoldname -plugin-opt=-pass-through=-lmingwex -plugin-opt=-pass-through=-lmsvcrt -plugin-opt=-pass-through=-lpthread -plugin-opt=-pass-through=-ladvapi32 -plugin-opt=-pass-through=-lshell32 -plugin-opt=-pass-through=-luser32 -plugin-opt=-pass-through=-lkernel32 -plugin-opt=-pass-through=-lmingw32 -plugin-opt=-pass-through=-lgcc_s -plugin-opt=-pass-through=-lgcc -plugin-opt=-pass-through=-lmoldname -plugin-opt=-pass-through=-lmingwex -plugin-opt=-pass-through=-lmsvcrt --sysroot=/usr/x86_64-w64-mingw32/sys-root -m i386pep -Bdynamic -o cmTC_b8a1f.exe /usr/x86_64-w64-mingw32/sys-root/mingw/lib/../lib/crt2.o /usr/lib/gcc/x86_64-w64-mingw32/9.2.0/crtbegin.o -L/usr/lib/gcc/x86_64-w64-mingw32/9.2.0 -L/usr/lib/gcc/x86_64-w64-mingw32/9.2.0/../../../../x86_64-w64-mingw32/lib/../lib -L/usr/x86_64-w64-mingw32/sys-root/mingw/lib/../lib -L/usr/lib/gcc/x86_64-w64-mingw32/9.2.0/../../../../x86_64-w64-mingw32/lib -L/usr/x86_64-w64-mingw32/sys-root/mingw/lib --enable-auto-import CMakeFiles/cmTC_b8a1f.dir/CMakeCXXCompilerABI.cpp.o --out-implib libcmTC_b8a1f.dll.a --major-image-version 0 --minor-image-version 0 -lstdc++ -lmingw32 -lgcc_s -lgcc -lmoldname -lmingwex -lmsvcrt -lpthread -ladvapi32 -lshell32 -luser32 -lkernel32 -lmingw32 -lgcc_s -lgcc -lmoldname -lmingwex -lmsvcrt /usr/x86_64-w64-mingw32/sys-root/mingw/lib/../lib/default-manifest.o /usr/lib/gcc/x86_64-w64-mingw32/9.2.0/crtend.o]
    arg [/usr/lib/gcc/x86_64-w64-mingw32/9.2.0/collect2.exe] ==> ignore
    arg [-plugin] ==> ignore
    arg [/usr/lib/gcc/x86_64-w64-mingw32/9.2.0/cyglto_plugin-0.dll] ==> ignore
    arg [-plugin-opt=/usr/lib/gcc/x86_64-w64-mingw32/9.2.0/lto-wrapper.exe] ==> ignore
    arg [-plugin-opt=-fresolution=/cygdrive/c/Users/Leon/AppData/Local/Temp/cc6rMxl8.res] ==> ignore
    arg [-plugin-opt=-pass-through=-lmingw32] ==> ignore
    arg [-plugin-opt=-pass-through=-lgcc_s] ==> ignore
    arg [-plugin-opt=-pass-through=-lgcc] ==> ignore
    arg [-plugin-opt=-pass-through=-lmoldname] ==> ignore
    arg [-plugin-opt=-pass-through=-lmingwex] ==> ignore
    arg [-plugin-opt=-pass-through=-lmsvcrt] ==> ignore
    arg [-plugin-opt=-pass-through=-lpthread] ==> ignore
    arg [-plugin-opt=-pass-through=-ladvapi32] ==> ignore
    arg [-plugin-opt=-pass-through=-lshell32] ==> ignore
    arg [-plugin-opt=-pass-through=-luser32] ==> ignore
    arg [-plugin-opt=-pass-through=-lkernel32] ==> ignore
    arg [-plugin-opt=-pass-through=-lmingw32] ==> ignore
    arg [-plugin-opt=-pass-through=-lgcc_s] ==> ignore
    arg [-plugin-opt=-pass-through=-lgcc] ==> ignore
    arg [-plugin-opt=-pass-through=-lmoldname] ==> ignore
    arg [-plugin-opt=-pass-through=-lmingwex] ==> ignore
    arg [-plugin-opt=-pass-through=-lmsvcrt] ==> ignore
    arg [--sysroot=/usr/x86_64-w64-mingw32/sys-root] ==> ignore
    arg [-m] ==> ignore
    arg [i386pep] ==> ignore
    arg [-Bdynamic] ==> ignore
    arg [-o] ==> ignore
    arg [cmTC_b8a1f.exe] ==> ignore
    arg [/usr/x86_64-w64-mingw32/sys-root/mingw/lib/../lib/crt2.o] ==> ignore
    arg [/usr/lib/gcc/x86_64-w64-mingw32/9.2.0/crtbegin.o] ==> ignore
    arg [-L/usr/lib/gcc/x86_64-w64-mingw32/9.2.0] ==> dir [/usr/lib/gcc/x86_64-w64-mingw32/9.2.0]
    arg [-L/usr/lib/gcc/x86_64-w64-mingw32/9.2.0/../../../../x86_64-w64-mingw32/lib/../lib] ==> dir [/usr/lib/gcc/x86_64-w64-mingw32/9.2.0/../../../../x86_64-w64-mingw32/lib/../lib]
    arg [-L/usr/x86_64-w64-mingw32/sys-root/mingw/lib/../lib] ==> dir [/usr/x86_64-w64-mingw32/sys-root/mingw/lib/../lib]
    arg [-L/usr/lib/gcc/x86_64-w64-mingw32/9.2.0/../../../../x86_64-w64-mingw32/lib] ==> dir [/usr/lib/gcc/x86_64-w64-mingw32/9.2.0/../../../../x86_64-w64-mingw32/lib]
    arg [-L/usr/x86_64-w64-mingw32/sys-root/mingw/lib] ==> dir [/usr/x86_64-w64-mingw32/sys-root/mingw/lib]
    arg [--enable-auto-import] ==> ignore
    arg [CMakeFiles/cmTC_b8a1f.dir/CMakeCXXCompilerABI.cpp.o] ==> ignore
    arg [--out-implib] ==> ignore
    arg [libcmTC_b8a1f.dll.a] ==> ignore
    arg [--major-image-version] ==> ignore
    arg [0] ==> ignore
    arg [--minor-image-version] ==> ignore
    arg [0] ==> ignore
    arg [-lstdc++] ==> lib [stdc++]
    arg [-lmingw32] ==> lib [mingw32]
    arg [-lgcc_s] ==> lib [gcc_s]
    arg [-lgcc] ==> lib [gcc]
    arg [-lmoldname] ==> lib [moldname]
    arg [-lmingwex] ==> lib [mingwex]
    arg [-lmsvcrt] ==> lib [msvcrt]
    arg [-lpthread] ==> lib [pthread]
    arg [-ladvapi32] ==> lib [advapi32]
    arg [-lshell32] ==> lib [shell32]
    arg [-luser32] ==> lib [user32]
    arg [-lkernel32] ==> lib [kernel32]
    arg [-lmingw32] ==> lib [mingw32]
    arg [-lgcc_s] ==> lib [gcc_s]
    arg [-lgcc] ==> lib [gcc]
    arg [-lmoldname] ==> lib [moldname]
    arg [-lmingwex] ==> lib [mingwex]
    arg [-lmsvcrt] ==> lib [msvcrt]
    arg [/usr/x86_64-w64-mingw32/sys-root/mingw/lib/../lib/default-manifest.o] ==> ignore
    arg [/usr/lib/gcc/x86_64-w64-mingw32/9.2.0/crtend.o] ==> ignore
  remove lib [msvcrt]
  remove lib [msvcrt]
  collapse library dir [/usr/lib/gcc/x86_64-w64-mingw32/9.2.0] ==> [/usr/lib/gcc/x86_64-w64-mingw32/9.2.0]
  collapse library dir [/usr/lib/gcc/x86_64-w64-mingw32/9.2.0/../../../../x86_64-w64-mingw32/lib/../lib] ==> [/usr/x86_64-w64-mingw32/lib]
  collapse library dir [/usr/x86_64-w64-mingw32/sys-root/mingw/lib/../lib] ==> [/usr/x86_64-w64-mingw32/sys-root/mingw/lib]
  collapse library dir [/usr/lib/gcc/x86_64-w64-mingw32/9.2.0/../../../../x86_64-w64-mingw32/lib] ==> [/usr/x86_64-w64-mingw32/lib]
  collapse library dir [/usr/x86_64-w64-mingw32/sys-root/mingw/lib] ==> [/usr/x86_64-w64-mingw32/sys-root/mingw/lib]
  implicit libs: [stdc++;mingw32;gcc_s;gcc;moldname;mingwex;pthread;advapi32;shell32;user32;kernel32;mingw32;gcc_s;gcc;moldname;mingwex]
  implicit dirs: [/usr/lib/gcc/x86_64-w64-mingw32/9.2.0;/usr/x86_64-w64-mingw32/lib;/usr/x86_64-w64-mingw32/sys-root/mingw/lib]
  implicit fwks: []


